<?xml version="1.0" encoding="UTF-8"?>
<!-- Generated by org.testng.reporters.JUnitXMLReporter -->
<testsuite ignored="0" hostname="LAPTOP-LDU49EHQ" failures="0" tests="2" name="Free CRM App Test Cases" time="36.641" errors="0" timestamp="2021-03-29T09:36:18 IST">
  <testcase classname="com.crm.qa.testcases.LoginPageTest" name="loginTest" time="1.053"/>
  <testcase classname="com.crm.qa.testcases.LoginPageTest" name="loginPageTitleTest" time="0.093"/>
</testsuite> <!-- Free CRM App Test Cases -->
